1491000960159	geckodriver	INFO	Listening on 127.0.0.1:57271
1491000961268	mozprofile::profile	INFO	Using profile path /tmp/rust_mozprofile.VGhHtpnijLqQ
1491000961269	geckodriver::marionette	INFO	Starting browser /usr/bin/firefox with args []
1491000961275	geckodriver::marionette	INFO	Connecting to Marionette on localhost:36524
1491000963210	Marionette	INFO	Listening on port 36524
1491000963891	Marionette	WARN	TLS certificate errors will be ignored for this session
1491001122956	geckodriver	INFO	Listening on 127.0.0.1:48122
1491001124081	mozprofile::profile	INFO	Using profile path /tmp/rust_mozprofile.pIuE6YkxnOWr
1491001124082	geckodriver::marionette	INFO	Starting browser /usr/bin/firefox with args []
1491001124086	geckodriver::marionette	INFO	Connecting to Marionette on localhost:37173
1491001126153	Marionette	INFO	Listening on port 37173
1491001126815	Marionette	WARN	TLS certificate errors will be ignored for this session
1491001195792	geckodriver	INFO	Listening on 127.0.0.1:55496
1491001196921	mozprofile::profile	INFO	Using profile path /tmp/rust_mozprofile.21DaLcB3NktJ
1491001196921	geckodriver::marionette	INFO	Starting browser /usr/bin/firefox with args []
1491001196927	geckodriver::marionette	INFO	Connecting to Marionette on localhost:38064
1491001198860	Marionette	INFO	Listening on port 38064
1491001199790	Marionette	WARN	TLS certificate errors will be ignored for this session
1491001403988	geckodriver	INFO	Listening on 127.0.0.1:57322
1491001405110	mozprofile::profile	INFO	Using profile path /tmp/rust_mozprofile.PRkpOGUH0DRc
1491001405111	geckodriver::marionette	INFO	Starting browser /usr/bin/firefox with args []
1491001405125	geckodriver::marionette	INFO	Connecting to Marionette on localhost:40125
1491001407246	Marionette	INFO	Listening on port 40125
1491001407927	Marionette	WARN	TLS certificate errors will be ignored for this session
*************************
A coding exception was thrown and uncaught in a Task.

Full message: TypeError: NetworkError when attempting to fetch resource.
Full stack: 
*************************

###!!! [Child][MessageChannel] Error: (msgtype=0xE40003,name=PTexture::Msg_Destroy) Channel error: cannot send/recv


###!!! [Child][MessageChannel] Error: (msgtype=0xE40003,name=PTexture::Msg_Destroy) Channel error: cannot send/recv


###!!! [Child][MessageChannel] Error: (msgtype=0x3E0003,name=PCompositable::Msg_Destroy) Channel error: cannot send/recv


###!!! [Child][MessageChannel] Error: (msgtype=0xE40003,name=PTexture::Msg_Destroy) Channel error: cannot send/recv


###!!! [Child][MessageChannel] Error: (msgtype=0xE40003,name=PTexture::Msg_Destroy) Channel error: cannot send/recv


###!!! [Child][MessageChannel] Error: (msgtype=0x3E0003,name=PCompositable::Msg_Destroy) Channel error: cannot send/recv


###!!! [Child][MessageChannel] Error: (msgtype=0x3E0003,name=PCompositable::Msg_Destroy) Channel error: cannot send/recv


###!!! [Child][MessageChannel] Error: (msgtype=0xE40003,name=PTexture::Msg_Destroy) Channel error: cannot send/recv


###!!! [Child][MessageChannel] Error: (msgtype=0xE40003,name=PTexture::Msg_Destroy) Channel error: cannot send/recv


###!!! [Child][MessageChannel] Error: (msgtype=0x3E0003,name=PCompositable::Msg_Destroy) Channel error: cannot send/recv


###!!! [Child][MessageChannel] Error: (msgtype=0xE40003,name=PTexture::Msg_Destroy) Channel error: cannot send/recv


###!!! [Child][MessageChannel] Error: (msgtype=0xE40003,name=PTexture::Msg_Destroy) Channel error: cannot send/recv


###!!! [Child][MessageChannel] Error: (msgtype=0x3E0003,name=PCompositable::Msg_Destroy) Channel error: cannot send/recv

[GFX1-]: Receive IPC close with reason=AbnormalShutdown
[Child 4552] WARNING: pipe error (3): Connection reset by peer: file /build/firefox-ZWwcnj/firefox-52.0.1+build2/ipc/chromium/src/chrome/common/ipc_channel_posix.cc, line 322
[Child 4552] ###!!! ABORT: Aborting on channel error.: file /build/firefox-ZWwcnj/firefox-52.0.1+build2/ipc/glue/MessageChannel.cpp, line 2143
[Child 4552] ###!!! ABORT: Aborting on channel error.: file /build/firefox-ZWwcnj/firefox-52.0.1+build2/ipc/glue/MessageChannel.cpp, line 2143

###!!! [Child][MessageChannel] Error: (msgtype=0x3E0003,name=PCompositable::Msg_Destroy) Channel error: cannot send/recv


###!!! [Child][MessageChannel] Error: (msgtype=0xE40003,name=PTexture::Msg_Destroy) Channel error: cannot send/recv


###!!! [Child][MessageChannel] Error: (msgtype=0xE40003,name=PTexture::Msg_Destroy) Channel error: cannot send/recv


###!!! [Child][MessageChannel] Error: (msgtype=0x3E0003,name=PCompositable::Msg_Destroy) Channel error: cannot send/recv


###!!! [Child][MessageChannel] Error: (msgtype=0xE40003,name=PTexture::Msg_Destroy) Channel error: cannot send/recv


###!!! [Child][MessageChannel] Error: (msgtype=0xE40003,name=PTexture::Msg_Destroy) Channel error: cannot send/recv


###!!! [Child][MessageChannel] Error: (msgtype=0x3E0003,name=PCompositable::Msg_Destroy) Channel error: cannot send/recv


###!!! [Child][MessageChannel] Error: (msgtype=0xE40003,name=PTexture::Msg_Destroy) Channel error: cannot send/recv


###!!! [Child][MessageChannel] Error: (msgtype=0xE40003,name=PTexture::Msg_Destroy) Channel error: cannot send/recv


###!!! [Child][MessageChannel] Error: (msgtype=0x3E0003,name=PCompositable::Msg_Destroy) Channel error: cannot send/recv


###!!! [Child][MessageChannel] Error: (msgtype=0xE40003,name=PTexture::Msg_Destroy) Channel error: cannot send/recv


###!!! [Child][MessageChannel] Error: (msgtype=0xE40003,name=PTexture::Msg_Destroy) Channel error: cannot send/recv


###!!! [Child][MessageChannel] Error: (msgtype=0x3E0003,name=PCompositable::Msg_Destroy) Channel error: cannot send/recv

[GFX1-]: Receive IPC close with reason=AbnormalShutdown
[Child 4691] WARNING: pipe error (3): Connection reset by peer: file /build/firefox-ZWwcnj/firefox-52.0.1+build2/ipc/chromium/src/chrome/common/ipc_channel_posix.cc, line 322
[Child 4691] ###!!! ABORT: Aborting on channel error.: file /build/firefox-ZWwcnj/firefox-52.0.1+build2/ipc/glue/MessageChannel.cpp, line 2143
[Child 4691] ###!!! ABORT: Aborting on channel error.: file /build/firefox-ZWwcnj/firefox-52.0.1+build2/ipc/glue/MessageChannel.cpp, line 2143
1491001602443	geckodriver	INFO	Listening on 127.0.0.1:52725
1491001603561	mozprofile::profile	INFO	Using profile path /tmp/rust_mozprofile.ZMhuIhJ8fDdn
1491001603572	geckodriver::marionette	INFO	Starting browser /usr/bin/firefox with args []
1491001603575	geckodriver::marionette	INFO	Connecting to Marionette on localhost:41601
1491001605641	Marionette	INFO	Listening on port 41601
1491001606297	Marionette	WARN	TLS certificate errors will be ignored for this session
*************************
A coding exception was thrown and uncaught in a Task.

Full message: TypeError: NetworkError when attempting to fetch resource.
Full stack: 
*************************
1491003899495	geckodriver	INFO	Listening on 127.0.0.1:57867
1491003900625	mozprofile::profile	INFO	Using profile path /tmp/rust_mozprofile.IhRuwbh6b53E
1491003900625	geckodriver::marionette	INFO	Starting browser /usr/bin/firefox with args []
1491003900641	geckodriver::marionette	INFO	Connecting to Marionette on localhost:38463
1491003902679	Marionette	INFO	Listening on port 38463
1491003903317	Marionette	WARN	TLS certificate errors will be ignored for this session
1491003947965	geckodriver	INFO	Listening on 127.0.0.1:52556
1491003949089	mozprofile::profile	INFO	Using profile path /tmp/rust_mozprofile.7GsDrdtJbdfD
1491003949090	geckodriver::marionette	INFO	Starting browser /usr/bin/firefox with args []
1491003949100	geckodriver::marionette	INFO	Connecting to Marionette on localhost:42248
1491003951211	Marionette	INFO	Listening on port 42248
1491003951952	Marionette	WARN	TLS certificate errors will be ignored for this session
*************************
A coding exception was thrown and uncaught in a Task.

Full message: TypeError: NetworkError when attempting to fetch resource.
Full stack: 
*************************
*************************
A coding exception was thrown and uncaught in a Task.

Full message: TypeError: NetworkError when attempting to fetch resource.
Full stack: 
*************************

###!!! [Child][MessageChannel] Error: (msgtype=0xE40003,name=PTexture::Msg_Destroy) Channel error: cannot send/recv


###!!! [Child][MessageChannel] Error: (msgtype=0xE40003,name=PTexture::Msg_Destroy) Channel error: cannot send/recv


###!!! [Child][MessageChannel] Error: (msgtype=0x3E0003,name=PCompositable::Msg_Destroy) Channel error: cannot send/recv


###!!! [Child][MessageChannel] Error: (msgtype=0xE40003,name=PTexture::Msg_Destroy) Channel error: cannot send/recv


###!!! [Child][MessageChannel] Error: (msgtype=0xE40003,name=PTexture::Msg_Destroy) Channel error: cannot send/recv


###!!! [Child][MessageChannel] Error: (msgtype=0x3E0003,name=PCompositable::Msg_Destroy) Channel error: cannot send/recv


###!!! [Child][MessageChannel] Error: (msgtype=0xE40003,name=PTexture::Msg_Destroy) Channel error: cannot send/recv


###!!! [Child][MessageChannel] Error: (msgtype=0xE40003,name=PTexture::Msg_Destroy) Channel error: cannot send/recv


###!!! [Child][MessageChannel] Error: (msgtype=0x3E0003,name=PCompositable::Msg_Destroy) Channel error: cannot send/recv


###!!! [Child][MessageChannel] Error: (msgtype=0x3E0003,name=PCompositable::Msg_Destroy) Channel error: cannot send/recv


###!!! [Child][MessageChannel] Error: (msgtype=0xE40003,name=PTexture::Msg_Destroy) Channel error: cannot send/recv


###!!! [Child][MessageChannel] Error: (msgtype=0xE40003,name=PTexture::Msg_Destroy) Channel error: cannot send/recv


###!!! [Child][MessageChannel] Error: (msgtype=0x3E0003,name=PCompositable::Msg_Destroy) Channel error: cannot send/recv

[GFX1-]: Receive IPC close with reason=AbnormalShutdown
[Child 5189] WARNING: pipe error (3): Connection reset by peer: file /build/firefox-ZWwcnj/firefox-52.0.1+build2/ipc/chromium/src/chrome/common/ipc_channel_posix.cc, line 322
[Child 5189] ###!!! ABORT: Aborting on channel error.: file /build/firefox-ZWwcnj/firefox-52.0.1+build2/ipc/glue/MessageChannel.cpp, line 2143
[Child 5189] ###!!! ABORT: Aborting on channel error.: file /build/firefox-ZWwcnj/firefox-52.0.1+build2/ipc/glue/MessageChannel.cpp, line 2143

###!!! [Child][MessageChannel] Error: (msgtype=0xE40003,name=PTexture::Msg_Destroy) Channel error: cannot send/recv


###!!! [Child][MessageChannel] Error: (msgtype=0xE40003,name=PTexture::Msg_Destroy) Channel error: cannot send/recv


###!!! [Child][MessageChannel] Error: (msgtype=0x3E0003,name=PCompositable::Msg_Destroy) Channel error: cannot send/recv


###!!! [Child][MessageChannel] Error: (msgtype=0xE40003,name=PTexture::Msg_Destroy) Channel error: cannot send/recv


###!!! [Child][MessageChannel] Error: (msgtype=0xE40003,name=PTexture::Msg_Destroy) Channel error: cannot send/recv


###!!! [Child][MessageChannel] Error: (msgtype=0x3E0003,name=PCompositable::Msg_Destroy) Channel error: cannot send/recv


###!!! [Child][MessageChannel] Error: (msgtype=0xE40003,name=PTexture::Msg_Destroy) Channel error: cannot send/recv


###!!! [Child][MessageChannel] Error: (msgtype=0xE40003,name=PTexture::Msg_Destroy) Channel error: cannot send/recv


###!!! [Child][MessageChannel] Error: (msgtype=0x3E0003,name=PCompositable::Msg_Destroy) Channel error: cannot send/recv


###!!! [Child][MessageChannel] Error: (msgtype=0x3E0003,name=PCompositable::Msg_Destroy) Channel error: cannot send/recv


###!!! [Child][MessageChannel] Error: (msgtype=0xE40003,name=PTexture::Msg_Destroy) Channel error: cannot send/recv


###!!! [Child][MessageChannel] Error: (msgtype=0xE40003,name=PTexture::Msg_Destroy) Channel error: cannot send/recv


###!!! [Child][MessageChannel] Error: (msgtype=0x3E0003,name=PCompositable::Msg_Destroy) Channel error: cannot send/recv

[GFX1-]: Receive IPC close with reason=AbnormalShutdown
[Child 4814] WARNING: pipe error (3): Connection reset by peer: file /build/firefox-ZWwcnj/firefox-52.0.1+build2/ipc/chromium/src/chrome/common/ipc_channel_posix.cc, line 322
[Child 4814] ###!!! ABORT: Aborting on channel error.: file /build/firefox-ZWwcnj/firefox-52.0.1+build2/ipc/glue/MessageChannel.cpp, line 2143
[Child 4814] ###!!! ABORT: Aborting on channel error.: file /build/firefox-ZWwcnj/firefox-52.0.1+build2/ipc/glue/MessageChannel.cpp, line 2143

###!!! [Child][MessageChannel] Error: (msgtype=0x3E0003,name=PCompositable::Msg_Destroy) Channel error: cannot send/recv


###!!! [Child][MessageChannel] Error: (msgtype=0xE40003,name=PTexture::Msg_Destroy) Channel error: cannot send/recv


###!!! [Child][MessageChannel] Error: (msgtype=0xE40003,name=PTexture::Msg_Destroy) Channel error: cannot send/recv


###!!! [Child][MessageChannel] Error: (msgtype=0x3E0003,name=PCompositable::Msg_Destroy) Channel error: cannot send/recv


###!!! [Child][MessageChannel] Error: (msgtype=0xE40003,name=PTexture::Msg_Destroy) Channel error: cannot send/recv


###!!! [Child][MessageChannel] Error: (msgtype=0xE40003,name=PTexture::Msg_Destroy) Channel error: cannot send/recv


###!!! [Child][MessageChannel] Error: (msgtype=0x3E0003,name=PCompositable::Msg_Destroy) Channel error: cannot send/recv


###!!! [Child][MessageChannel] Error: (msgtype=0xE40003,name=PTexture::Msg_Destroy) Channel error: cannot send/recv


###!!! [Child][MessageChannel] Error: (msgtype=0xE40003,name=PTexture::Msg_Destroy) Channel error: cannot send/recv


###!!! [Child][MessageChannel] Error: (msgtype=0x3E0003,name=PCompositable::Msg_Destroy) Channel error: cannot send/recv


###!!! [Child][MessageChannel] Error: (msgtype=0xE40003,name=PTexture::Msg_Destroy) Channel error: cannot send/recv


###!!! [Child][MessageChannel] Error: (msgtype=0xE40003,name=PTexture::Msg_Destroy) Channel error: cannot send/recv


###!!! [Child][MessageChannel] Error: (msgtype=0x3E0003,name=PCompositable::Msg_Destroy) Channel error: cannot send/recv

[GFX1-]: Receive IPC close with reason=AbnormalShutdown
[Child 5078] WARNING: pipe error (3): Connection reset by peer: file /build/firefox-ZWwcnj/firefox-52.0.1+build2/ipc/chromium/src/chrome/common/ipc_channel_posix.cc, line 322
[Child 5078] ###!!! ABORT: Aborting on channel error.: file /build/firefox-ZWwcnj/firefox-52.0.1+build2/ipc/glue/MessageChannel.cpp, line 2143
[Child 5078] ###!!! ABORT: Aborting on channel error.: file /build/firefox-ZWwcnj/firefox-52.0.1+build2/ipc/glue/MessageChannel.cpp, line 2143
